{
  "RSpec": {
    "coverage": {
      "/Users/renato/RailsProjects/freelancing_hub/app/models/freelancer.rb": {
        "lines": [
          1,
          null,
          null,
          null,
          1,
          null,
          1,
          null,
          null,
          1,
          null,
          null,
          1,
          1,
          null,
          1,
          null,
          1,
          null,
          1,
          191,
          null,
          1,
          null,
          null,
          null
        ]
      },
      "/Users/renato/RailsProjects/freelancing_hub/app/models/application_record.rb": {
        "lines": [
          1,
          1,
          null
        ]
      },
      "/Users/renato/RailsProjects/freelancing_hub/app/models/contractor.rb": {
        "lines": [
          1,
          null,
          null,
          1,
          null,
          null,
          1,
          1,
          null
        ]
      },
      "/Users/renato/RailsProjects/freelancing_hub/app/models/proposal.rb": {
        "lines": [
          1,
          1,
          1,
          1,
          1,
          1,
          null,
          1,
          63,
          null,
          null,
          1,
          1,
          null,
          1,
          null,
          null,
          null,
          1,
          null,
          1,
          63,
          null,
          6,
          null,
          null,
          1,
          63,
          63,
          1,
          null,
          62,
          5,
          null,
          null,
          null,
          1,
          63,
          null,
          1,
          null,
          null
        ]
      },
      "/Users/renato/RailsProjects/freelancing_hub/app/models/chat.rb": {
        "lines": [
          1,
          1,
          null,
          1,
          null
        ]
      },
      "/Users/renato/RailsProjects/freelancing_hub/app/models/feedback.rb": {
        "lines": [
          1,
          1,
          null,
          1,
          null
        ]
      },
      "/Users/renato/RailsProjects/freelancing_hub/app/models/freelancer_expertise.rb": {
        "lines": [
          1,
          1,
          null,
          1,
          null
        ]
      },
      "/Users/renato/RailsProjects/freelancing_hub/app/models/project.rb": {
        "lines": [
          1,
          1,
          1,
          1,
          1,
          null,
          1,
          null,
          1,
          null,
          null,
          1,
          null,
          1,
          null,
          1,
          94,
          null,
          null
        ]
      },
      "/Users/renato/RailsProjects/freelancing_hub/app/controllers/projects_controller.rb": {
        "lines": [
          1,
          1,
          null,
          1,
          1,
          null,
          1,
          47,
          47,
          47,
          47,
          null,
          null,
          1,
          3,
          null,
          null,
          1,
          2,
          null,
          null,
          2,
          2,
          1,
          null,
          1,
          null,
          null,
          null,
          1,
          3,
          null,
          null,
          1,
          3,
          3,
          null,
          null,
          2,
          null,
          1,
          null,
          null,
          null,
          1,
          1,
          1,
          1,
          null,
          null,
          1,
          null,
          null,
          null,
          null,
          2,
          null,
          2,
          null,
          null,
          null,
          1,
          3,
          3,
          3,
          1,
          1,
          null,
          null,
          3,
          null,
          null,
          1,
          1,
          1,
          null,
          null,
          1,
          null,
          1,
          11,
          11,
          null,
          0,
          0,
          null,
          null
        ]
      },
      "/Users/renato/RailsProjects/freelancing_hub/app/controllers/application_controller.rb": {
        "lines": [
          1,
          1,
          4,
          null,
          null,
          1,
          29,
          10,
          null,
          19,
          null,
          null,
          null,
          null,
          null,
          1,
          8,
          null,
          6,
          1,
          null,
          5,
          null,
          null,
          null
        ]
      },
      "/Users/renato/RailsProjects/freelancing_hub/app/controllers/proposals_controller.rb": {
        "lines": [
          1,
          1,
          1,
          1,
          null,
          null,
          1,
          null,
          null,
          null,
          1,
          2,
          null,
          null,
          2,
          2,
          2,
          2,
          null,
          null,
          null,
          1,
          1,
          null,
          1,
          0,
          0,
          null,
          null,
          1,
          1,
          1,
          null,
          null,
          1,
          3,
          3,
          3,
          null,
          null,
          1,
          3,
          3,
          null,
          null,
          1,
          2,
          2,
          1,
          1,
          null,
          1,
          null,
          null,
          null,
          1,
          null,
          1,
          6,
          6,
          null,
          0,
          0,
          null,
          null,
          1,
          5,
          5,
          3,
          null,
          0,
          2,
          2,
          null,
          0,
          null,
          null,
          null,
          1,
          5,
          5,
          null,
          0,
          0,
          null,
          null,
          1,
          2,
          2,
          2,
          null,
          null,
          1,
          0,
          0,
          null,
          null,
          1,
          1,
          1,
          null,
          null
        ]
      },
      "/Users/renato/RailsProjects/freelancing_hub/app/controllers/freelancers_controller.rb": {
        "lines": [
          1,
          1,
          null,
          1,
          null,
          1,
          6,
          5,
          5,
          1,
          1,
          null,
          null,
          null,
          1,
          3,
          null,
          null,
          1,
          2,
          2,
          null,
          null,
          2,
          2,
          null,
          0,
          null,
          null,
          null,
          1,
          6,
          null,
          null,
          1,
          null,
          1,
          7,
          7,
          null,
          1,
          1,
          null,
          null
        ]
      },
      "/Users/renato/RailsProjects/freelancing_hub/app/controllers/feedbacks_controller.rb": {
        "lines": [
          1,
          1,
          null,
          1,
          4,
          null,
          null,
          1,
          4,
          4,
          4,
          4,
          2,
          null,
          2,
          null,
          null,
          null
        ]
      },
      "/Users/renato/RailsProjects/freelancing_hub/app/controllers/api/v1/projects_controller.rb": {
        "lines": [
          1,
          1,
          1,
          1,
          2,
          2,
          null,
          null,
          1,
          3,
          1,
          null,
          null,
          1,
          1,
          null,
          null,
          null,
          null,
          null,
          null,
          null,
          1,
          null,
          null,
          null,
          null
        ]
      },
      "/Users/renato/RailsProjects/freelancing_hub/app/controllers/api/v1/api_controller.rb": {
        "lines": [
          1,
          null,
          1,
          1,
          null,
          1,
          null,
          1,
          1,
          null,
          null,
          1,
          1,
          null,
          null
        ]
      },
      "/Users/renato/RailsProjects/freelancing_hub/app/controllers/home_controller.rb": {
        "lines": [
          1,
          1,
          64,
          null,
          null
        ]
      },
      "/Users/renato/RailsProjects/freelancing_hub/app/controllers/contractors_controller.rb": {
        "lines": [
          1,
          1,
          9,
          9,
          null,
          null
        ]
      },
      "/Users/renato/RailsProjects/freelancing_hub/app/controllers/chats_controller.rb": {
        "lines": [
          1,
          null,
          null,
          null,
          null,
          1,
          2,
          2,
          2,
          2,
          null,
          null,
          1,
          null,
          1,
          2,
          1,
          1,
          1,
          null,
          null,
          null
        ]
      }
    },
    "timestamp": 1640285752
  }
}
